<?xml version="1.0" encoding="UTF-8"?>
<testng-results skipped="0" failed="0" ignored="0" total="1" passed="1">
  <reporter-output>
  </reporter-output>
  <suite name="Default suite" duration-ms="107449" started-at="2018-04-02T01:26:09Z" finished-at="2018-04-02T01:27:56Z">
    <groups>
    </groups>
    <test name="Default test" duration-ms="107449" started-at="2018-04-02T01:26:09Z" finished-at="2018-04-02T01:27:56Z">
      <class name="Disneyworld_Class">
        <test-method status="PASS" signature="Test()[pri:0, instance:Disneyworld_Class@3532ec19]" name="Test" duration-ms="107414" started-at="2018-04-02T01:26:09Z" finished-at="2018-04-02T01:27:56Z">
          <reporter-output>
          </reporter-output>
        </test-method> <!-- Test -->
      </class> <!-- Disneyworld_Class -->
    </test> <!-- Default test -->
  </suite> <!-- Default suite -->
</testng-results>
